<?xml version="1.0" encoding="UTF-8"?>
<coverage generated="1748814705">
  <project timestamp="1748814705">
    <file name="/Users/h13/Src/github.com/h13/instapaper-to-podcast/microservices/text-summarizer/src/Bootstrap.php">
      <class name="TextSummarizer\Bootstrap" namespace="global">
        <metrics complexity="3" methods="2" coveredmethods="0" conditionals="0" coveredconditionals="0" statements="7" coveredstatements="0" elements="9" coveredelements="0"/>
      </class>
      <line num="12" type="method" name="autoload" visibility="public" complexity="2" crap="6" count="0"/>
      <line num="14" type="stmt" count="0"/>
      <line num="15" type="stmt" count="0"/>
      <line num="16" type="stmt" count="0"/>
      <line num="18" type="stmt" count="0"/>
      <line num="21" type="stmt" count="0"/>
      <line num="24" type="method" name="getApp" visibility="public" complexity="1" crap="2" count="0"/>
      <line num="26" type="stmt" count="0"/>
      <line num="28" type="stmt" count="0"/>
      <metrics loc="31" ncloc="30" classes="1" methods="2" coveredmethods="0" conditionals="0" coveredconditionals="0" statements="7" coveredstatements="0" elements="9" coveredelements="0"/>
    </file>
    <file name="/Users/h13/Src/github.com/h13/instapaper-to-podcast/microservices/text-summarizer/src/Contracts/OpenAiClientInterface.php">
      <metrics loc="13" ncloc="10" classes="0" methods="0" coveredmethods="0" conditionals="0" coveredconditionals="0" statements="0" coveredstatements="0" elements="0" coveredelements="0"/>
    </file>
    <file name="/Users/h13/Src/github.com/h13/instapaper-to-podcast/microservices/text-summarizer/src/Contracts/TextSummarizerInterface.php">
      <metrics loc="20" ncloc="11" classes="0" methods="0" coveredmethods="0" conditionals="0" coveredconditionals="0" statements="0" coveredstatements="0" elements="0" coveredelements="0"/>
    </file>
    <file name="/Users/h13/Src/github.com/h13/instapaper-to-podcast/microservices/text-summarizer/src/Exceptions/TextProcessingException.php">
      <class name="TextSummarizer\Exceptions\TextProcessingException" namespace="global">
        <metrics complexity="0" methods="0" coveredmethods="0" conditionals="0" coveredconditionals="0" statements="0" coveredstatements="0" elements="0" coveredelements="0"/>
      </class>
      <metrics loc="10" ncloc="10" classes="0" methods="0" coveredmethods="0" conditionals="0" coveredconditionals="0" statements="0" coveredstatements="0" elements="0" coveredelements="0"/>
    </file>
    <file name="/Users/h13/Src/github.com/h13/instapaper-to-podcast/microservices/text-summarizer/src/Infrastructure/Logging/LoggerAwareTrait.php">
      <class name="TextSummarizer\Infrastructure\Logging\LoggerAwareTrait" namespace="global">
        <metrics complexity="5" methods="5" coveredmethods="4" conditionals="0" coveredconditionals="0" statements="5" coveredstatements="4" elements="10" coveredelements="8"/>
      </class>
      <line num="13" type="method" name="logDebug" visibility="protected" complexity="1" crap="1" count="8"/>
      <line num="15" type="stmt" count="8"/>
      <line num="18" type="method" name="logInfo" visibility="protected" complexity="1" crap="1" count="3"/>
      <line num="20" type="stmt" count="3"/>
      <line num="23" type="method" name="logWarning" visibility="protected" complexity="1" crap="1" count="1"/>
      <line num="25" type="stmt" count="1"/>
      <line num="28" type="method" name="logError" visibility="protected" complexity="1" crap="1" count="4"/>
      <line num="30" type="stmt" count="4"/>
      <line num="33" type="method" name="logCritical" visibility="protected" complexity="1" crap="2" count="0"/>
      <line num="35" type="stmt" count="0"/>
      <metrics loc="38" ncloc="38" classes="1" methods="5" coveredmethods="4" conditionals="0" coveredconditionals="0" statements="5" coveredstatements="4" elements="10" coveredelements="8"/>
    </file>
    <file name="/Users/h13/Src/github.com/h13/instapaper-to-podcast/microservices/text-summarizer/src/Infrastructure/Logging/LoggerFactory.php">
      <class name="TextSummarizer\Infrastructure\Logging\LoggerFactory" namespace="global">
        <metrics complexity="2" methods="1" coveredmethods="1" conditionals="0" coveredconditionals="0" statements="5" coveredstatements="5" elements="6" coveredelements="6"/>
      </class>
      <line num="13" type="method" name="create" visibility="public" complexity="2" crap="2" count="3"/>
      <line num="15" type="stmt" count="3"/>
      <line num="17" type="stmt" count="3"/>
      <line num="18" type="stmt" count="3"/>
      <line num="20" type="stmt" count="3"/>
      <line num="22" type="stmt" count="3"/>
      <metrics loc="25" ncloc="25" classes="1" methods="1" coveredmethods="1" conditionals="0" coveredconditionals="0" statements="5" coveredstatements="5" elements="6" coveredelements="6"/>
    </file>
    <file name="/Users/h13/Src/github.com/h13/instapaper-to-podcast/microservices/text-summarizer/src/Infrastructure/OpenAiClientAdapter.php">
      <class name="TextSummarizer\Infrastructure\OpenAiClientAdapter" namespace="global">
        <metrics complexity="2" methods="2" coveredmethods="0" conditionals="0" coveredconditionals="0" statements="2" coveredstatements="0" elements="4" coveredelements="0"/>
      </class>
      <line num="14" type="method" name="__construct" visibility="public" complexity="1" crap="2" count="0"/>
      <line num="16" type="stmt" count="0"/>
      <line num="19" type="method" name="chat" visibility="public" complexity="1" crap="2" count="0"/>
      <line num="21" type="stmt" count="0"/>
      <metrics loc="23" ncloc="23" classes="1" methods="2" coveredmethods="0" conditionals="0" coveredconditionals="0" statements="2" coveredstatements="0" elements="4" coveredelements="0"/>
    </file>
    <file name="/Users/h13/Src/github.com/h13/instapaper-to-podcast/microservices/text-summarizer/src/Module/AppModule.php">
      <class name="TextSummarizer\Module\AppModule" namespace="global">
        <metrics complexity="1" methods="1" coveredmethods="0" conditionals="0" coveredconditionals="0" statements="4" coveredstatements="0" elements="5" coveredelements="0"/>
      </class>
      <line num="15" type="method" name="configure" visibility="protected" complexity="1" crap="2" count="0"/>
      <line num="17" type="stmt" count="0"/>
      <line num="18" type="stmt" count="0"/>
      <line num="19" type="stmt" count="0"/>
      <line num="22" type="stmt" count="0"/>
      <metrics loc="25" ncloc="24" classes="1" methods="1" coveredmethods="0" conditionals="0" coveredconditionals="0" statements="4" coveredstatements="0" elements="5" coveredelements="0"/>
    </file>
    <file name="/Users/h13/Src/github.com/h13/instapaper-to-podcast/microservices/text-summarizer/src/Module/LoggerProvider.php">
      <class name="TextSummarizer\Module\LoggerProvider" namespace="global">
        <metrics complexity="2" methods="1" coveredmethods="0" conditionals="0" coveredconditionals="0" statements="6" coveredstatements="5" elements="7" coveredelements="5"/>
      </class>
      <line num="14" type="method" name="get" visibility="public" complexity="2" crap="2.02" count="5"/>
      <line num="16" type="stmt" count="5"/>
      <line num="19" type="stmt" count="5"/>
      <line num="22" type="stmt" count="5"/>
      <line num="23" type="stmt" count="5"/>
      <line num="24" type="stmt" count="0"/>
      <line num="27" type="stmt" count="5"/>
      <metrics loc="30" ncloc="28" classes="1" methods="1" coveredmethods="0" conditionals="0" coveredconditionals="0" statements="6" coveredstatements="5" elements="7" coveredelements="5"/>
    </file>
    <file name="/Users/h13/Src/github.com/h13/instapaper-to-podcast/microservices/text-summarizer/src/Module/Provider/OpenAiModule.php">
      <class name="TextSummarizer\Module\Provider\OpenAiModule" namespace="global">
        <metrics complexity="2" methods="2" coveredmethods="2" conditionals="0" coveredconditionals="0" statements="15" coveredstatements="15" elements="17" coveredelements="17"/>
      </class>
      <class name="TextSummarizer\Module\Provider\OpenAiClientProvider" namespace="global">
        <metrics complexity="2" methods="2" coveredmethods="0" conditionals="0" coveredconditionals="0" statements="2" coveredstatements="0" elements="4" coveredelements="0"/>
      </class>
      <line num="18" type="method" name="__construct" visibility="public" complexity="1" crap="1" count="2"/>
      <line num="21" type="stmt" count="2"/>
      <line num="23" type="method" name="configure" visibility="protected" complexity="1" crap="1" count="2"/>
      <line num="26" type="stmt" count="2"/>
      <line num="29" type="stmt" count="2"/>
      <line num="32" type="stmt" count="2"/>
      <line num="33" type="stmt" count="2"/>
      <line num="34" type="stmt" count="2"/>
      <line num="37" type="stmt" count="2"/>
      <line num="38" type="stmt" count="2"/>
      <line num="39" type="stmt" count="2"/>
      <line num="40" type="stmt" count="2"/>
      <line num="41" type="stmt" count="2"/>
      <line num="42" type="stmt" count="2"/>
      <line num="43" type="stmt" count="2"/>
      <line num="44" type="stmt" count="2"/>
      <line num="45" type="stmt" count="2"/>
      <line num="51" type="method" name="__construct" visibility="public" complexity="1" crap="2" count="0"/>
      <line num="55" type="stmt" count="0"/>
      <line num="57" type="method" name="get" visibility="public" complexity="1" crap="2" count="0"/>
      <line num="59" type="stmt" count="0"/>
      <metrics loc="62" ncloc="58" classes="2" methods="4" coveredmethods="2" conditionals="0" coveredconditionals="0" statements="17" coveredstatements="15" elements="21" coveredelements="17"/>
    </file>
    <file name="/Users/h13/Src/github.com/h13/instapaper-to-podcast/microservices/text-summarizer/src/Module/Provider/StorageModule.php">
      <class name="TextSummarizer\Module\Provider\StorageModule" namespace="global">
        <metrics complexity="2" methods="2" coveredmethods="2" conditionals="0" coveredconditionals="0" statements="11" coveredstatements="11" elements="13" coveredelements="13"/>
      </class>
      <class name="TextSummarizer\Module\Provider\StorageClientProvider" namespace="global">
        <metrics complexity="3" methods="2" coveredmethods="0" conditionals="0" coveredconditionals="0" statements="5" coveredstatements="0" elements="7" coveredelements="0"/>
      </class>
      <line num="13" type="method" name="__construct" visibility="public" complexity="1" crap="1" count="2"/>
      <line num="16" type="stmt" count="2"/>
      <line num="18" type="method" name="configure" visibility="protected" complexity="1" crap="1" count="2"/>
      <line num="21" type="stmt" count="2"/>
      <line num="24" type="stmt" count="2"/>
      <line num="25" type="stmt" count="2"/>
      <line num="26" type="stmt" count="2"/>
      <line num="29" type="stmt" count="2"/>
      <line num="30" type="stmt" count="2"/>
      <line num="31" type="stmt" count="2"/>
      <line num="32" type="stmt" count="2"/>
      <line num="33" type="stmt" count="2"/>
      <line num="34" type="stmt" count="2"/>
      <line num="40" type="method" name="__construct" visibility="public" complexity="1" crap="2" count="0"/>
      <line num="46" type="stmt" count="0"/>
      <line num="48" type="method" name="get" visibility="public" complexity="2" crap="6" count="0"/>
      <line num="50" type="stmt" count="0"/>
      <line num="51" type="stmt" count="0"/>
      <line num="52" type="stmt" count="0"/>
      <line num="55" type="stmt" count="0"/>
      <metrics loc="58" ncloc="55" classes="2" methods="4" coveredmethods="2" conditionals="0" coveredconditionals="0" statements="16" coveredstatements="11" elements="20" coveredelements="13"/>
    </file>
    <file name="/Users/h13/Src/github.com/h13/instapaper-to-podcast/microservices/text-summarizer/src/Resource/App/Summaries.php">
      <class name="TextSummarizer\Resource\App\Summaries" namespace="global">
        <metrics complexity="2" methods="2" coveredmethods="2" conditionals="0" coveredconditionals="0" statements="11" coveredstatements="11" elements="13" coveredelements="13"/>
      </class>
      <line num="13" type="method" name="__construct" visibility="public" complexity="1" crap="1" count="4"/>
      <line num="17" type="stmt" count="4"/>
      <line num="22" type="method" name="onGet" visibility="public" complexity="1" crap="1" count="3"/>
      <line num="24" type="stmt" count="3"/>
      <line num="26" type="stmt" count="3"/>
      <line num="27" type="stmt" count="3"/>
      <line num="28" type="stmt" count="3"/>
      <line num="29" type="stmt" count="3"/>
      <line num="30" type="stmt" count="3"/>
      <line num="31" type="stmt" count="3"/>
      <line num="32" type="stmt" count="3"/>
      <line num="33" type="stmt" count="3"/>
      <line num="35" type="stmt" count="3"/>
      <metrics loc="38" ncloc="35" classes="1" methods="2" coveredmethods="2" conditionals="0" coveredconditionals="0" statements="11" coveredstatements="11" elements="13" coveredelements="13"/>
    </file>
    <file name="/Users/h13/Src/github.com/h13/instapaper-to-podcast/microservices/text-summarizer/src/Resource/App/Summaries/Process.php">
      <class name="TextSummarizer\Resource\App\Summaries\Process" namespace="global">
        <metrics complexity="3" methods="2" coveredmethods="2" conditionals="0" coveredconditionals="0" statements="24" coveredstatements="24" elements="26" coveredelements="26"/>
      </class>
      <line num="17" type="method" name="__construct" visibility="public" complexity="1" crap="1" count="6"/>
      <line num="22" type="stmt" count="6"/>
      <line num="27" type="method" name="onPost" visibility="public" complexity="2" crap="2" count="5"/>
      <line num="29" type="stmt" count="5"/>
      <line num="32" type="stmt" count="5"/>
      <line num="34" type="stmt" count="4"/>
      <line num="35" type="stmt" count="4"/>
      <line num="36" type="stmt" count="4"/>
      <line num="37" type="stmt" count="4"/>
      <line num="38" type="stmt" count="4"/>
      <line num="39" type="stmt" count="4"/>
      <line num="40" type="stmt" count="4"/>
      <line num="41" type="stmt" count="4"/>
      <line num="42" type="stmt" count="4"/>
      <line num="43" type="stmt" count="4"/>
      <line num="45" type="stmt" count="1"/>
      <line num="46" type="stmt" count="1"/>
      <line num="47" type="stmt" count="1"/>
      <line num="48" type="stmt" count="1"/>
      <line num="50" type="stmt" count="1"/>
      <line num="51" type="stmt" count="1"/>
      <line num="52" type="stmt" count="1"/>
      <line num="53" type="stmt" count="1"/>
      <line num="54" type="stmt" count="1"/>
      <line num="55" type="stmt" count="1"/>
      <line num="58" type="stmt" count="5"/>
      <metrics loc="61" ncloc="54" classes="1" methods="2" coveredmethods="2" conditionals="0" coveredconditionals="0" statements="24" coveredstatements="24" elements="26" coveredelements="26"/>
    </file>
    <file name="/Users/h13/Src/github.com/h13/instapaper-to-podcast/microservices/text-summarizer/src/Service/SummarizationService.php">
      <class name="TextSummarizer\Service\SummarizationService" namespace="global">
        <metrics complexity="16" methods="5" coveredmethods="3" conditionals="0" coveredconditionals="0" statements="102" coveredstatements="96" elements="107" coveredelements="99"/>
      </class>
      <line num="15" type="method" name="__construct" visibility="public" complexity="1" crap="1" count="12"/>
      <line num="23" type="stmt" count="12"/>
      <line num="28" type="method" name="getSummaries" visibility="public" complexity="5" crap="5.26" count="4"/>
      <line num="30" type="stmt" count="4"/>
      <line num="31" type="stmt" count="4"/>
      <line num="33" type="stmt" count="4"/>
      <line num="34" type="stmt" count="4"/>
      <line num="35" type="stmt" count="4"/>
      <line num="36" type="stmt" count="4"/>
      <line num="38" type="stmt" count="4"/>
      <line num="40" type="stmt" count="3"/>
      <line num="42" type="stmt" count="3"/>
      <line num="43" type="stmt" count="3"/>
      <line num="44" type="stmt" count="3"/>
      <line num="45" type="stmt" count="3"/>
      <line num="46" type="stmt" count="3"/>
      <line num="47" type="stmt" count="3"/>
      <line num="48" type="stmt" count="3"/>
      <line num="49" type="stmt" count="3"/>
      <line num="50" type="stmt" count="3"/>
      <line num="52" type="stmt" count="0"/>
      <line num="53" type="stmt" count="0"/>
      <line num="54" type="stmt" count="0"/>
      <line num="55" type="stmt" count="0"/>
      <line num="56" type="stmt" count="0"/>
      <line num="61" type="stmt" count="4"/>
      <line num="69" type="method" name="processTexts" visibility="public" complexity="7" crap="7" count="8"/>
      <line num="71" type="stmt" count="8"/>
      <line num="73" type="stmt" count="8"/>
      <line num="74" type="stmt" count="8"/>
      <line num="75" type="stmt" count="8"/>
      <line num="78" type="stmt" count="8"/>
      <line num="81" type="stmt" count="7"/>
      <line num="82" type="stmt" count="7"/>
      <line num="83" type="stmt" count="7"/>
      <line num="84" type="stmt" count="7"/>
      <line num="85" type="stmt" count="7"/>
      <line num="87" type="stmt" count="7"/>
      <line num="89" type="stmt" count="6"/>
      <line num="92" type="stmt" count="6"/>
      <line num="93" type="stmt" count="1"/>
      <line num="98" type="stmt" count="5"/>
      <line num="99" type="stmt" count="5"/>
      <line num="101" type="stmt" count="5"/>
      <line num="102" type="stmt" count="1"/>
      <line num="106" type="stmt" count="4"/>
      <line num="109" type="stmt" count="3"/>
      <line num="110" type="stmt" count="3"/>
      <line num="111" type="stmt" count="3"/>
      <line num="112" type="stmt" count="3"/>
      <line num="113" type="stmt" count="3"/>
      <line num="116" type="stmt" count="3"/>
      <line num="117" type="stmt" count="3"/>
      <line num="119" type="stmt" count="3"/>
      <line num="120" type="stmt" count="3"/>
      <line num="121" type="stmt" count="3"/>
      <line num="122" type="stmt" count="3"/>
      <line num="123" type="stmt" count="2"/>
      <line num="124" type="stmt" count="2"/>
      <line num="125" type="stmt" count="2"/>
      <line num="126" type="stmt" count="2"/>
      <line num="127" type="stmt" count="2"/>
      <line num="128" type="stmt" count="2"/>
      <line num="130" type="stmt" count="2"/>
      <line num="131" type="stmt" count="2"/>
      <line num="132" type="stmt" count="2"/>
      <line num="133" type="stmt" count="2"/>
      <line num="136" type="stmt" count="1"/>
      <line num="137" type="stmt" count="1"/>
      <line num="138" type="stmt" count="1"/>
      <line num="139" type="stmt" count="1"/>
      <line num="140" type="stmt" count="1"/>
      <line num="143" type="stmt" count="7"/>
      <line num="144" type="stmt" count="7"/>
      <line num="145" type="stmt" count="7"/>
      <line num="146" type="stmt" count="7"/>
      <line num="148" type="stmt" count="7"/>
      <line num="149" type="stmt" count="7"/>
      <line num="150" type="stmt" count="7"/>
      <line num="151" type="stmt" count="7"/>
      <line num="152" type="stmt" count="7"/>
      <line num="158" type="method" name="isSummarized" visibility="private" complexity="2" crap="2.02" count="6"/>
      <line num="161" type="stmt" count="6"/>
      <line num="162" type="stmt" count="0"/>
      <line num="165" type="stmt" count="6"/>
      <line num="166" type="stmt" count="6"/>
      <line num="168" type="stmt" count="6"/>
      <line num="169" type="stmt" count="6"/>
      <line num="177" type="method" name="storeSummary" visibility="private" complexity="1" crap="1" count="3"/>
      <line num="179" type="stmt" count="3"/>
      <line num="181" type="stmt" count="3"/>
      <line num="182" type="stmt" count="3"/>
      <line num="183" type="stmt" count="3"/>
      <line num="184" type="stmt" count="3"/>
      <line num="185" type="stmt" count="3"/>
      <line num="187" type="stmt" count="3"/>
      <line num="188" type="stmt" count="3"/>
      <line num="189" type="stmt" count="3"/>
      <line num="190" type="stmt" count="3"/>
      <line num="191" type="stmt" count="3"/>
      <line num="192" type="stmt" count="3"/>
      <line num="193" type="stmt" count="3"/>
      <line num="194" type="stmt" count="3"/>
      <line num="195" type="stmt" count="3"/>
      <line num="196" type="stmt" count="3"/>
      <line num="197" type="stmt" count="3"/>
      <line num="198" type="stmt" count="3"/>
      <metrics loc="201" ncloc="176" classes="1" methods="5" coveredmethods="3" conditionals="0" coveredconditionals="0" statements="102" coveredstatements="96" elements="107" coveredelements="99"/>
    </file>
    <file name="/Users/h13/Src/github.com/h13/instapaper-to-podcast/microservices/text-summarizer/src/Service/TextSummarizer.php">
      <class name="TextSummarizer\Service\TextSummarizer" namespace="global">
        <metrics complexity="5" methods="2" coveredmethods="2" conditionals="0" coveredconditionals="0" statements="47" coveredstatements="47" elements="49" coveredelements="49"/>
      </class>
      <line num="23" type="method" name="__construct" visibility="public" complexity="1" crap="1" count="8"/>
      <line num="32" type="stmt" count="8"/>
      <line num="33" type="stmt" count="8"/>
      <line num="34" type="stmt" count="8"/>
      <line num="35" type="stmt" count="8"/>
      <line num="41" type="method" name="summarize" visibility="public" complexity="4" crap="4" count="7"/>
      <line num="43" type="stmt" count="7"/>
      <line num="44" type="stmt" count="7"/>
      <line num="45" type="stmt" count="7"/>
      <line num="46" type="stmt" count="7"/>
      <line num="47" type="stmt" count="7"/>
      <line num="49" type="stmt" count="7"/>
      <line num="50" type="stmt" count="2"/>
      <line num="54" type="stmt" count="5"/>
      <line num="62" type="stmt" count="5"/>
      <line num="64" type="stmt" count="5"/>
      <line num="65" type="stmt" count="5"/>
      <line num="66" type="stmt" count="5"/>
      <line num="67" type="stmt" count="5"/>
      <line num="68" type="stmt" count="5"/>
      <line num="69" type="stmt" count="5"/>
      <line num="70" type="stmt" count="5"/>
      <line num="71" type="stmt" count="5"/>
      <line num="72" type="stmt" count="5"/>
      <line num="73" type="stmt" count="5"/>
      <line num="74" type="stmt" count="5"/>
      <line num="75" type="stmt" count="5"/>
      <line num="76" type="stmt" count="5"/>
      <line num="77" type="stmt" count="5"/>
      <line num="78" type="stmt" count="5"/>
      <line num="80" type="stmt" count="4"/>
      <line num="82" type="stmt" count="4"/>
      <line num="83" type="stmt" count="2"/>
      <line num="86" type="stmt" count="2"/>
      <line num="87" type="stmt" count="2"/>
      <line num="88" type="stmt" count="2"/>
      <line num="89" type="stmt" count="2"/>
      <line num="90" type="stmt" count="2"/>
      <line num="92" type="stmt" count="2"/>
      <line num="93" type="stmt" count="3"/>
      <line num="94" type="stmt" count="3"/>
      <line num="95" type="stmt" count="3"/>
      <line num="96" type="stmt" count="3"/>
      <line num="97" type="stmt" count="3"/>
      <line num="99" type="stmt" count="3"/>
      <line num="100" type="stmt" count="3"/>
      <line num="101" type="stmt" count="3"/>
      <line num="102" type="stmt" count="3"/>
      <line num="103" type="stmt" count="3"/>
      <metrics loc="107" ncloc="104" classes="1" methods="2" coveredmethods="2" conditionals="0" coveredconditionals="0" statements="47" coveredstatements="47" elements="49" coveredelements="49"/>
    </file>
    <metrics files="15" loc="742" ncloc="681" classes="14" methods="31" coveredmethods="18" conditionals="0" coveredconditionals="0" statements="246" coveredstatements="218" elements="277" coveredelements="236"/>
  </project>
</coverage>
